[2025-06-05 00:41:00] ✅ Data analysis service initialized
[2025-06-05 00:41:00] ✅ DACPAC Publisher started successfully
[2025-06-05 00:41:00] 🚀 DACPAC Publisher started
[2025-06-05 00:41:00] 🚀 DACPAC Publisher started
[2025-06-05 00:41:00] 🚀 DACPAC Publisher started
[2025-06-05 00:41:08] 🔗 Synonym creation disabled
[2025-06-05 00:41:08] 🔗 Synonym creation disabled
[2025-06-05 00:41:09] ⚡ SQL Agent Jobs disabled
[2025-06-05 00:41:09] ⚡ SQL Agent Jobs disabled
[2025-06-05 00:41:23] ✅ Data analysis service initialized
[2025-06-05 00:41:23] ✅ DACPAC Publisher started successfully
[2025-06-05 00:41:23] 🚀 DACPAC Publisher started
[2025-06-05 00:41:23] 🚀 DACPAC Publisher started
[2025-06-05 00:41:27] 🔗 Synonym creation disabled
[2025-06-05 00:41:27] 🔗 Synonym creation disabled
[2025-06-05 00:41:28] ⚡ SQL Agent Jobs disabled
[2025-06-05 00:41:28] ⚡ SQL Agent Jobs disabled
[2025-06-05 00:41:45] ✅ Data analysis service initialized
[2025-06-05 00:41:45] ✅ DACPAC Publisher started successfully
[2025-06-05 00:41:46] 🚀 DACPAC Publisher started
[2025-06-05 00:42:09] ✅ Data analysis service initialized
[2025-06-05 00:42:09] ✅ DACPAC Publisher started successfully
[2025-06-05 00:42:09] 🚀 DACPAC Publisher started
[2025-06-05 00:42:09] 🚀 DACPAC Publisher started
[2025-06-05 00:42:12] 🔗 Synonym creation enabled
[2025-06-05 00:42:12] Successfully connected to (local)
[2025-06-05 00:42:12] Retrieved 14 databases from (local)
[2025-06-05 00:42:12] ✅ Populated 4 databases in synonym targets list
[2025-06-05 00:44:36] ✅ Data analysis service initialized
[2025-06-05 00:44:36] ✅ DACPAC Publisher started successfully
[2025-06-05 00:44:36] 🚀 DACPAC Publisher started
[2025-06-05 00:44:36] 🚀 DACPAC Publisher started
[2025-06-05 00:44:40] ✅ Configuration updated from UI
[2025-06-05 00:44:42] ✅ Configuration updated from UI
[2025-06-05 00:57:33] ✅ Data analysis service initialized
[2025-06-05 00:57:33] ✅ DACPAC Publisher started successfully
[2025-06-05 00:57:33] 🚀 DACPAC Publisher started
[2025-06-05 00:57:33] 🚀 DACPAC Publisher started
[2025-06-05 01:24:17] ✅ Data analysis service initialized
[2025-06-05 01:24:17] ✅ DACPAC Publisher started successfully
[2025-06-05 01:24:17] 🚀 DACPAC Publisher started
[2025-06-05 01:24:17] 🚀 DACPAC Publisher started
[2025-06-05 01:24:20] ⚡ SQL Agent Jobs enabled
[2025-06-05 01:24:21] ⚡ SQL Agent Jobs disabled
[2025-06-05 01:37:57] ✅ Data analysis service initialized
[2025-06-05 01:37:57] ✅ DACPAC Publisher started successfully
[2025-06-05 01:37:58] 🚀 DACPAC Publisher started
[2025-06-05 01:37:58] 🚀 DACPAC Publisher started
[2025-06-05 01:37:59] ⚡ SQL Agent Jobs disabled
[2025-06-05 01:37:59] ⚡ SQL Agent Jobs disabled
[2025-06-05 01:38:07] ✅ Data analysis service initialized
[2025-06-05 01:38:07] ✅ DACPAC Publisher started successfully
[2025-06-05 01:38:07] 🚀 DACPAC Publisher started
[2025-06-05 01:38:07] 🚀 DACPAC Publisher started
[2025-06-05 01:38:08] ⚡ SQL Agent Jobs disabled
[2025-06-05 01:38:08] ⚡ SQL Agent Jobs disabled
[2025-06-05 01:38:18] ✅ Data analysis service initialized
[2025-06-05 01:38:18] ✅ DACPAC Publisher started successfully
[2025-06-05 01:38:18] 🚀 DACPAC Publisher started
[2025-06-05 01:38:18] 🚀 DACPAC Publisher started
[2025-06-05 01:38:19] ⚡ SQL Agent Jobs disabled
[2025-06-05 01:38:20] ⚡ SQL Agent Jobs disabled
[2025-06-05 01:38:36] ✅ Data analysis service initialized
[2025-06-05 01:38:36] ✅ DACPAC Publisher started successfully
[2025-06-05 01:38:36] 🚀 DACPAC Publisher started
[2025-06-05 01:38:36] 🚀 DACPAC Publisher started
[2025-06-05 01:38:37] ⚡ SQL Agent Jobs enabled
[2025-06-05 01:38:37] ⚡ SQL Agent Jobs disabled
[2025-06-05 02:14:45] ✅ Data analysis service initialized
[2025-06-05 02:14:53] ✅ Data analysis service initialized
[2025-06-05 02:15:17] ✅ Data analysis service initialized
[2025-06-05 02:15:17] ✅ DACPAC Publisher started successfully
[2025-06-05 02:15:17] 🚀 DACPAC Publisher started
[2025-06-05 02:15:17] 🚀 DACPAC Publisher started
[2025-06-05 02:15:19] 🔗 Synonym creation enabled
[2025-06-05 02:15:19] Successfully connected to (local)
[2025-06-05 02:15:19] Retrieved 14 databases from (local)
[2025-06-05 02:15:19] ✅ Populated 4 databases in synonym targets list
[2025-06-05 02:28:57] ✅ Data analysis service initialized
[2025-06-05 02:28:57] ✅ DACPAC Publisher started successfully
[2025-06-05 02:28:57] 🚀 DACPAC Publisher started
[2025-06-05 02:28:59] 🔗 Synonym creation enabled
[2025-06-05 02:28:59] Successfully connected to (local)
[2025-06-05 02:28:59] Retrieved 14 databases from (local)
[2025-06-05 02:28:59] ✅ Populated 4 databases in synonym targets list
[2025-06-05 02:29:02] 🔗 Synonym creation disabled
[2025-06-05 02:31:53] ✅ Data analysis service initialized
[2025-06-05 02:31:53] ✅ DACPAC Publisher started successfully
[2025-06-05 02:31:53] 🚀 DACPAC Publisher started
[2025-06-05 02:31:55] ⚡ SQL Agent Jobs enabled
[2025-06-05 02:31:56] ⚡ SQL Agent Jobs disabled
[2025-06-05 02:32:02] ✅ Data analysis service initialized
[2025-06-05 02:32:02] ✅ DACPAC Publisher started successfully
[2025-06-05 02:32:02] 🚀 DACPAC Publisher started
[2025-06-05 03:07:39] 🚀 DACPAC Publisher started
[2025-06-05 03:08:06] 🚀 DACPAC Publisher started
[2025-06-05 03:08:07] ⚡ SQL Agent Jobs enabled
[2025-06-05 03:08:07] ⚡ SQL Agent Jobs disabled
[2025-06-05 03:08:08] 🔗 Synonym creation enabled
[2025-06-05 03:08:08] Successfully connected to (local)
[2025-06-05 03:08:08] Retrieved 14 databases from (local)
[2025-06-05 03:08:08] ✅ Populated 4 databases in synonym targets list
[2025-06-05 03:08:08] 🔗 Synonym creation disabled
[2025-06-05 03:09:01] ⚡ SQL Agent Jobs enabled
[2025-06-05 03:09:01] ⚡ SQL Agent Jobs disabled
[2025-06-05 03:22:43] 🚀 DACPAC Publisher started
[2025-06-05 03:22:44] ⚡ SQL Agent Jobs enabled
[2025-06-05 03:22:44] ⚡ SQL Agent Jobs disabled
[2025-06-05 03:23:13] 🚀 DACPAC Publisher started
[2025-06-05 03:27:42] 🚀 DACPAC Publisher started
[2025-06-05 03:27:52] 🔗 Synonym creation enabled
[2025-06-05 03:27:52] Successfully connected to (local)
[2025-06-05 03:27:52] Retrieved 14 databases from (local)
[2025-06-05 03:27:52] ✅ Populated 4 databases in synonym targets list
[2025-06-05 04:01:49] 🚀 DACPAC Publisher started
[2025-06-05 04:01:52] 🔗 Synonym creation enabled
[2025-06-05 04:01:52] Successfully connected to (local)
[2025-06-05 04:01:54] Successfully connected to (local)
[2025-06-05 04:01:54] Retrieved 14 databases from (local)
[2025-06-05 04:01:54] ✅ Populated 4 databases in synonym targets list
[2025-06-05 04:01:54] Retrieved 14 databases from (local)
[2025-06-05 04:01:54] ✅ Populated 4 databases in synonym targets list
[2025-06-05 04:02:06] Configuration loaded from C:\Users\Ahmed Genidy\Documents\DacpacExport\NEwCon.json
[2025-06-05 04:02:06] ✅ UI updated from configuration
[2025-06-05 04:02:07] 📂 Configuration loaded: NEwCon.json
[2025-06-05 04:02:16] Configuration loaded from C:\Users\Ahmed Genidy\Documents\DacpacExport\NEwCon.json
[2025-06-05 04:02:16] ✅ UI updated from configuration
[2025-06-05 04:02:23] 📂 Configuration loaded: NEwCon.json
[2025-06-05 04:02:27] Configuration loaded from C:\Users\Ahmed Genidy\Documents\DacpacExport\NEwCon.json
[2025-06-05 04:02:27] ✅ UI updated from configuration
[2025-06-05 04:02:31] 📂 Configuration loaded: NEwCon.json
[2025-06-05 04:02:34] 🚀 DACPAC Publisher started
[2025-06-05 04:02:41] Configuration loaded from C:\Users\Ahmed Genidy\Documents\DacpacExport\NEwCon.json
[2025-06-05 04:02:41] ✅ UI updated from configuration
[2025-06-05 04:02:43] 📂 Configuration loaded: NEwCon.json
[2025-06-05 04:02:48] Configuration loaded from C:\Users\Ahmed Genidy\Documents\DacpacExport\NEwCon.json
[2025-06-05 04:02:48] ✅ UI updated from configuration
[2025-06-05 04:02:50] 📂 Configuration loaded: NEwCon.json
[2025-06-05 04:02:53] ✅ Configuration updated from UI
[2025-06-05 04:02:55] ✅ Configuration updated from UI
[2025-06-05 04:02:59] ✅ Configuration updated from UI
[2025-06-05 04:03:00] ✅ Configuration updated from UI
[2025-06-05 04:03:01] Retrieved 14 databases from (local)
[2025-06-05 04:03:01] Retrieved 14 databases from (local)
[2025-06-05 04:03:02] ✅ Configuration updated from UI
[2025-06-05 04:03:02] Successfully connected to (local)
[2025-06-05 04:03:03] ✅ Configuration updated from UI
[2025-06-05 04:05:20] 🚀 DACPAC Publisher started
[2025-06-05 04:14:07] 🚀 DACPAC Publisher started
[2025-06-05 04:25:31] 🚀 DACPAC Publisher started
[2025-06-05 04:25:34] 🔗 Synonym creation enabled
[2025-06-05 04:25:34] 🔗 Synonym creation disabled
[2025-06-05 04:25:35] ⚡ SQL Agent Jobs enabled
[2025-06-05 04:25:36] ⚡ SQL Agent Jobs disabled
[2025-06-05 04:25:57] ⚡ SQL Agent Jobs enabled
[2025-06-05 04:25:57] ⚡ SQL Agent Jobs disabled
[2025-06-05 04:25:58] 🔗 Synonym creation enabled
[2025-06-05 04:25:59] 🔗 Synonym creation disabled
[2025-06-05 04:26:08] 🔗 Synonym creation enabled
[2025-06-05 04:26:08] 🔗 Synonym creation disabled
[2025-06-05 04:26:09] ⚡ SQL Agent Jobs enabled
[2025-06-05 04:26:10] ⚡ SQL Agent Jobs disabled
[2025-06-05 04:46:10] 🚀 DACPAC Publisher started
[2025-06-05 04:46:12] 🔗 Synonym creation enabled
[2025-06-05 04:46:13] 🔗 Synonym creation disabled
[2025-06-05 04:46:15] ⚡ SQL Agent Jobs enabled
[2025-06-05 04:46:16] ⚡ SQL Agent Jobs disabled
[2025-06-05 04:46:22] ⚡ SQL Agent Jobs enabled
[2025-06-05 04:46:25] ⚡ SQL Agent Jobs disabled
[2025-06-05 04:46:25] ⚡ SQL Agent Jobs enabled
[2025-06-05 04:46:26] ⚡ SQL Agent Jobs disabled
[2025-06-05 04:46:30] 🔗 Synonym creation enabled
[2025-06-05 04:46:31] 🔗 Synonym creation disabled
[2025-06-05 04:46:33] 🔗 Synonym creation enabled
[2025-06-05 04:47:10] 🚀 DACPAC Publisher started
[2025-06-05 04:47:12] 🔗 Synonym creation enabled
[2025-06-05 04:47:12] Successfully connected to (local)
[2025-06-05 04:47:13] Successfully connected to (local)
[2025-06-05 04:47:13] Retrieved 14 databases from (local)
[2025-06-05 04:47:13] ✅ Populated 4 databases in synonym targets list
[2025-06-05 04:47:13] Retrieved 14 databases from (local)
[2025-06-05 04:47:13] ✅ Populated 4 databases in synonym targets list
[2025-06-05 04:47:14] 🔗 Synonym creation disabled
[2025-06-05 04:47:22] 🔗 Synonym creation enabled
[2025-06-05 04:47:22] Successfully connected to (local)
[2025-06-05 04:47:22] Retrieved 14 databases from (local)
[2025-06-05 04:47:22] ✅ Populated 4 databases in synonym targets list
[2025-06-05 04:47:23] ⚡ SQL Agent Jobs enabled
[2025-06-05 05:00:00] 🚀 DACPAC Publisher started
[2025-06-05 05:00:01] 🔗 Synonym creation enabled
[2025-06-05 05:00:01] Successfully connected to (local)
[2025-06-05 05:00:01] Retrieved 14 databases from (local)
[2025-06-05 05:00:01] ✅ Populated 4 databases in synonym targets list
[2025-06-05 05:00:02] 🔗 Synonym creation disabled
[2025-06-05 05:00:05] ⚡ SQL Agent Jobs enabled
[2025-06-05 05:00:06] ⚡ SQL Agent Jobs disabled
[2025-06-05 05:02:20] 🚀 DACPAC Publisher started
[2025-06-05 05:02:21] ⚡ SQL Agent Jobs enabled
[2025-06-05 05:02:22] ⚡ SQL Agent Jobs disabled
[2025-06-05 05:02:23] 🔗 Synonym creation enabled
[2025-06-05 05:02:23] Successfully connected to (local)
[2025-06-05 05:02:23] 🔗 Synonym creation disabled
[2025-06-05 15:21:21] 🚀 DACPAC Publisher started
[2025-06-05 15:21:24] ⚡ SQL Agent Jobs enabled
[2025-06-05 15:21:24] ⚡ SQL Agent Jobs disabled
[2025-06-05 15:21:25] 🔗 Synonym creation enabled
[2025-06-05 15:21:26] 🔗 Synonym creation disabled
[2025-06-05 15:21:26] Successfully connected to (local)
[2025-06-05 15:21:26] Retrieved 14 databases from (local)
[2025-06-05 15:21:26] ✅ Populated 4 databases in synonym targets list
[2025-06-05 15:33:16] 🚀 DACPAC Publisher started
[2025-06-05 15:43:40] 🚀 DACPAC Publisher started
[2025-06-05 15:43:42] 🔗 Synonym creation enabled
[2025-06-05 15:43:42] Successfully connected to (local)
[2025-06-05 15:43:42] Retrieved 14 databases from (local)
[2025-06-05 15:43:42] ✅ Populated 4 databases in synonym targets list
[2025-06-05 15:43:43] ⚡ SQL Agent Jobs enabled
[2025-06-05 16:13:00] 🚀 DACPAC Publisher started
[2025-06-05 16:13:01] 🔗 Synonym creation enabled
[2025-06-05 16:13:01] 🔗 Synonym creation disabled
[2025-06-05 16:13:02] 🔗 Synonym creation enabled
[2025-06-05 16:13:04] 🔗 Synonym creation disabled
[2025-06-05 16:17:23] 🚀 DACPAC Publisher started
[2025-06-05 16:17:37] 🔗 Synonym creation enabled
[2025-06-05 16:17:55] ⚡ SQL Agent Jobs enabled
[2025-06-05 16:17:56] ⚡ SQL Agent Jobs disabled
[2025-06-05 16:18:03] Successfully connected to (local)
[2025-06-05 16:18:03] Successfully connected to (local)
[2025-06-05 16:18:03] Successfully connected to (local)
[2025-06-05 16:18:05] Retrieved 14 databases from (local)
[2025-06-05 16:18:05] ✅ Populated 4 databases in synonym targets list
[2025-06-05 16:18:05] Retrieved 14 databases from (local)
[2025-06-05 16:18:05] ✅ Populated 4 databases in synonym targets list
[2025-06-05 16:18:05] Retrieved 14 databases from (local)
[2025-06-05 16:18:05] ✅ Populated 4 databases in synonym targets list
[2025-06-05 16:19:44] 🚀 DACPAC Publisher started
[2025-06-05 16:19:57] 🔗 Synonym creation enabled
[2025-06-05 16:19:58] Successfully connected to (local)
[2025-06-05 16:19:58] Retrieved 14 databases from (local)
[2025-06-05 16:19:58] ✅ Populated 4 databases in synonym targets list
[2025-06-11 15:10:54] 🚀 DACPAC Publisher started
[2025-06-11 15:15:08] Configuration loaded from C:\Users\Ahmed Genidy\Documents\DacpacExport\NEwCon.json
[2025-06-11 15:15:08] ✅ UI updated from configuration
[2025-06-11 15:15:09] 📂 Configuration loaded: NEwCon.json
[2025-06-11 15:15:13] 🔗 Synonym creation disabled
[2025-06-11 15:15:14] 🔗 Synonym creation enabled
[2025-06-11 15:15:14] Successfully connected to (local)
[2025-06-11 15:15:14] Retrieved 14 databases from (local)
[2025-06-11 15:15:14] ✅ Populated 4 databases in synonym targets list
